2024-12-14 10:50:38,963 - translator_api - INFO - Application startup complete
2024-12-14 10:50:38,963 - translator_api - INFO - Application startup complete
2024-12-14 11:02:07,690 - translator_api - INFO - Application startup complete
2024-12-14 11:02:22,262 - translator_api - INFO - Application startup complete
2024-12-14 11:02:49,440 - translator_api - INFO - Application startup complete
2024-12-14 11:02:50,262 - translator_api - INFO - Application startup complete
2024-12-14 11:02:54,872 - translator_api - INFO - Application startup complete
2024-12-14 11:09:20,192 - translator_api - INFO - Application startup complete
2024-12-14 11:09:25,245 - translator_api - INFO - Application startup complete
2024-12-14 11:12:02,201 - translator_api - INFO - Application startup complete
2024-12-14 11:12:06,806 - translator_api - INFO - Application startup complete
2024-12-14 11:15:12,358 - translator_api - INFO - Application startup complete
2024-12-14 11:15:17,151 - translator_api - INFO - Application startup complete
2024-12-14 11:16:42,746 - translator_api - INFO - Application startup complete
2024-12-14 11:17:32,933 - translator_api - INFO - Application startup complete
2024-12-14 11:17:37,726 - translator_api - INFO - Application startup complete
2024-12-14 11:18:01,867 - translator_api - INFO - Application startup complete
2024-12-14 11:18:06,797 - translator_api - INFO - Application startup complete
2024-12-14 11:19:00,536 - translator_api - INFO - Application startup complete
2024-12-14 11:19:05,485 - translator_api - INFO - Application startup complete
2024-12-14 11:20:38,737 - translator_api - INFO - Application startup complete
2024-12-14 11:20:43,627 - translator_api - INFO - Application startup complete
2024-12-14 11:21:27,010 - translator_api - INFO - Application startup complete
2024-12-14 11:21:31,796 - translator_api - INFO - Application startup complete
2024-12-14 11:22:14,063 - translator_api - INFO - Application startup complete
2024-12-14 11:22:19,024 - translator_api - INFO - Application startup complete
2024-12-14 11:24:05,990 - translator_api - INFO - Application startup complete
2024-12-14 11:24:10,599 - translator_api - INFO - Application startup complete
2024-12-14 11:24:45,032 - translator_api - INFO - Application startup complete
2024-12-14 11:24:49,656 - translator_api - INFO - Application startup complete
2024-12-14 16:00:50,183 - translator_api - INFO - Application startup complete
2024-12-14 16:00:54,490 - translator_api - INFO - Application startup complete
2024-12-14 16:01:35,918 - translator_api - INFO - Application startup complete
2024-12-14 16:01:39,950 - translator_api - INFO - Application startup complete
2024-12-14 16:04:18,360 - translator_api - INFO - Application startup complete
2024-12-14 16:04:22,525 - translator_api - INFO - Application startup complete
2024-12-14 16:04:23,567 - translator_api - INFO - Client connected. Total connections: 1
2024-12-14 16:04:53,564 - translator_api - ERROR - WebSocket error: 1005
2024-12-14 16:04:53,564 - translator_api - INFO - Client disconnected. Total connections: 0
2024-12-14 16:04:54,568 - translator_api - INFO - Client connected. Total connections: 1
2024-12-14 16:05:23,571 - translator_api - INFO - Client connected. Total connections: 2
2024-12-14 16:05:53,593 - translator_api - ERROR - WebSocket error: 1005
2024-12-14 16:05:53,593 - translator_api - INFO - Client disconnected. Total connections: 1
2024-12-14 16:05:54,598 - translator_api - INFO - Client connected. Total connections: 2
2024-12-14 16:06:23,604 - translator_api - INFO - Client connected. Total connections: 3
2024-12-14 16:06:53,610 - translator_api - ERROR - WebSocket error: 1005
2024-12-14 16:06:53,610 - translator_api - INFO - Client disconnected. Total connections: 2
2024-12-14 16:06:54,612 - translator_api - INFO - Client connected. Total connections: 3
2024-12-14 16:07:23,621 - translator_api - ERROR - WebSocket error: 1005
2024-12-14 16:07:23,621 - translator_api - INFO - Client disconnected. Total connections: 2
2024-12-14 16:07:24,613 - translator_api - INFO - Client connected. Total connections: 3
2024-12-14 16:09:29,599 - translator_api - INFO - Application startup complete
2024-12-14 16:09:34,069 - translator_api - INFO - Application startup complete
2024-12-14 16:09:35,096 - translator_api - INFO - Client connected. Total connections: 1
2024-12-14 16:10:05,107 - translator_api - ERROR - Error processing message: 1005
2024-12-14 16:10:05,107 - translator_api - ERROR - WebSocket error: received 1005 (no status received [internal]); then sent 1005 (no status received [internal])
2024-12-14 16:10:05,107 - translator_api - INFO - Client disconnected. Total connections: 0
2024-12-14 16:10:06,120 - translator_api - INFO - Client connected. Total connections: 1
2024-12-14 16:10:35,117 - translator_api - INFO - Client connected. Total connections: 2
2024-12-14 16:10:35,133 - translator_api - ERROR - Error processing message: 1005
2024-12-14 16:10:35,133 - translator_api - ERROR - WebSocket error: received 1005 (no status received [internal]); then sent 1005 (no status received [internal])
2024-12-14 16:10:35,134 - translator_api - INFO - Client disconnected. Total connections: 1
2024-12-14 16:10:36,140 - translator_api - INFO - Client connected. Total connections: 2
2024-12-14 16:11:05,142 - translator_api - INFO - Client connected. Total connections: 3
2024-12-14 16:11:35,146 - translator_api - ERROR - Error processing message: 1005
2024-12-14 16:11:35,146 - translator_api - ERROR - WebSocket error: received 1005 (no status received [internal]); then sent 1005 (no status received [internal])
2024-12-14 16:11:35,146 - translator_api - INFO - Client disconnected. Total connections: 2
2024-12-14 16:11:36,157 - translator_api - INFO - Client connected. Total connections: 3
2024-12-14 16:12:05,160 - translator_api - ERROR - Error processing message: 1005
2024-12-14 16:12:05,160 - translator_api - ERROR - WebSocket error: received 1005 (no status received [internal]); then sent 1005 (no status received [internal])
2024-12-14 16:12:05,160 - translator_api - INFO - Client disconnected. Total connections: 2
2024-12-14 16:12:06,164 - translator_api - INFO - Client connected. Total connections: 3
2024-12-14 16:15:46,584 - translator_api - INFO - Application startup complete
2024-12-14 16:15:50,772 - translator_api - INFO - Application startup complete
2024-12-14 16:23:28,045 - translator_api - INFO - Application startup complete
2024-12-14 16:28:09,258 - translator_api - INFO - Application startup complete
2024-12-14 16:31:07,250 - translator_api - INFO - Application startup complete
2024-12-14 16:33:59,151 - translator_api - INFO - Application startup complete
2024-12-14 17:38:50,605 - translator_api - INFO - Application startup complete
2024-12-14 17:49:51,748 - translator_api - INFO - Application startup complete
2024-12-14 17:50:20,941 - translator_api - INFO - Client connected. Total connections: 1
2024-12-14 17:50:25,943 - translator_api - ERROR - Error processing message: 1005
2024-12-14 17:50:25,943 - translator_api - INFO - Client disconnected. Total connections: 0
2024-12-14 17:50:35,493 - translator_api - INFO - Application startup complete
2024-12-14 17:52:24,814 - translator_api - INFO - Application startup complete
2024-12-14 17:52:39,666 - translator_api - INFO - Application startup complete
2024-12-15 12:54:05,825 - translator_api - INFO - Application startup complete
2024-12-15 13:41:59,574 - translator_api - INFO - New WebSocket connection request received
2024-12-15 13:41:59,575 - translator_api - INFO - WebSocket connection accepted
2024-12-15 13:41:59,575 - translator_api - INFO - Client connected. Total connections: 1
2024-12-15 13:41:59,581 - translator_api - INFO - New WebSocket connection request received
2024-12-15 13:41:59,582 - translator_api - INFO - WebSocket connection accepted
2024-12-15 13:41:59,582 - translator_api - INFO - Client connected. Total connections: 2
2024-12-15 13:41:59,583 - translator_api - INFO - New WebSocket connection request received
2024-12-15 13:41:59,583 - translator_api - INFO - WebSocket connection accepted
2024-12-15 13:41:59,584 - translator_api - INFO - Client connected. Total connections: 3
2024-12-15 13:42:00,520 - translator_api - ERROR - Error processing message: 1000
2024-12-15 13:42:00,521 - translator_api - INFO - Client disconnected. Total connections: 2
2024-12-15 13:42:00,521 - translator_api - ERROR - Error processing message: 1000
2024-12-15 13:42:00,522 - translator_api - INFO - Client disconnected. Total connections: 1
2024-12-15 13:42:00,522 - translator_api - ERROR - Error processing message: 1000
2024-12-15 13:42:00,523 - translator_api - INFO - Client disconnected. Total connections: 0
2024-12-15 13:48:10,391 - translator_api - INFO - New WebSocket connection request received
2024-12-15 13:48:10,392 - translator_api - INFO - WebSocket connection accepted
2024-12-15 13:48:10,392 - translator_api - INFO - Client connected. Total connections: 1
2024-12-15 13:48:10,398 - translator_api - INFO - New WebSocket connection request received
2024-12-15 13:48:10,398 - translator_api - INFO - WebSocket connection accepted
2024-12-15 13:48:10,399 - translator_api - INFO - Client connected. Total connections: 2
2024-12-15 13:48:10,399 - translator_api - INFO - New WebSocket connection request received
2024-12-15 13:48:10,400 - translator_api - INFO - WebSocket connection accepted
2024-12-15 13:48:10,400 - translator_api - INFO - Client connected. Total connections: 3
2024-12-15 13:48:11,332 - translator_api - ERROR - Error processing message: 1000
2024-12-15 13:48:11,333 - translator_api - INFO - Client disconnected. Total connections: 2
2024-12-15 13:48:11,334 - translator_api - ERROR - Error processing message: 1000
2024-12-15 13:48:11,335 - translator_api - INFO - Client disconnected. Total connections: 1
2024-12-15 13:48:11,335 - translator_api - ERROR - Error processing message: 1000
2024-12-15 13:48:11,336 - translator_api - INFO - Client disconnected. Total connections: 0
2024-12-15 13:55:29,727 - translator_api - INFO - New WebSocket connection request received
2024-12-15 13:55:29,728 - translator_api - INFO - WebSocket connection accepted
2024-12-15 13:55:29,728 - translator_api - INFO - Client connected. Total connections: 1
2024-12-15 13:55:29,734 - translator_api - INFO - New WebSocket connection request received
2024-12-15 13:55:29,734 - translator_api - INFO - WebSocket connection accepted
2024-12-15 13:55:29,735 - translator_api - INFO - Client connected. Total connections: 2
2024-12-15 13:55:29,735 - translator_api - INFO - New WebSocket connection request received
2024-12-15 13:55:29,736 - translator_api - INFO - WebSocket connection accepted
2024-12-15 13:55:29,736 - translator_api - INFO - Client connected. Total connections: 3
2024-12-15 13:55:30,675 - translator_api - ERROR - Error processing message: 1000
2024-12-15 13:55:30,675 - translator_api - INFO - Client disconnected. Total connections: 2
2024-12-15 13:55:30,676 - translator_api - ERROR - Error processing message: 1000
2024-12-15 13:55:30,676 - translator_api - INFO - Client disconnected. Total connections: 1
2024-12-15 13:55:30,677 - translator_api - ERROR - Error processing message: 1000
2024-12-15 13:55:30,677 - translator_api - INFO - Client disconnected. Total connections: 0
2024-12-15 14:06:49,223 - translator_api - INFO - New WebSocket connection request received
2024-12-15 14:06:49,224 - translator_api - INFO - WebSocket connection accepted
2024-12-15 14:06:49,224 - translator_api - INFO - Client connected. Total connections: 1
2024-12-15 14:06:49,230 - translator_api - INFO - New WebSocket connection request received
2024-12-15 14:06:49,230 - translator_api - INFO - WebSocket connection accepted
2024-12-15 14:06:49,230 - translator_api - INFO - Client connected. Total connections: 2
2024-12-15 14:06:49,231 - translator_api - INFO - New WebSocket connection request received
2024-12-15 14:06:49,231 - translator_api - INFO - WebSocket connection accepted
2024-12-15 14:06:49,231 - translator_api - INFO - Client connected. Total connections: 3
2024-12-15 14:06:50,167 - translator_api - ERROR - Error processing message: 1000
2024-12-15 14:06:50,167 - translator_api - INFO - Client disconnected. Total connections: 2
2024-12-15 14:06:50,168 - translator_api - ERROR - Error processing message: 1000
2024-12-15 14:06:50,168 - translator_api - INFO - Client disconnected. Total connections: 1
2024-12-15 14:06:50,169 - translator_api - ERROR - Error processing message: 1000
2024-12-15 14:06:50,169 - translator_api - INFO - Client disconnected. Total connections: 0
2024-12-15 14:21:35,300 - translator_api - INFO - New WebSocket connection request received
2024-12-15 14:21:35,300 - translator_api - INFO - WebSocket connection accepted
2024-12-15 14:21:35,301 - translator_api - INFO - Client connected. Total connections: 1
2024-12-15 14:21:35,306 - translator_api - INFO - New WebSocket connection request received
2024-12-15 14:21:35,307 - translator_api - INFO - WebSocket connection accepted
2024-12-15 14:21:35,307 - translator_api - INFO - Client connected. Total connections: 2
2024-12-15 14:21:35,307 - translator_api - INFO - New WebSocket connection request received
2024-12-15 14:21:35,307 - translator_api - INFO - WebSocket connection accepted
2024-12-15 14:21:35,309 - translator_api - INFO - Client connected. Total connections: 3
2024-12-15 14:21:36,244 - translator_api - ERROR - Error processing message: 1000
2024-12-15 14:21:36,245 - translator_api - INFO - Client disconnected. Total connections: 2
2024-12-15 14:21:36,245 - translator_api - ERROR - Error processing message: 1000
2024-12-15 14:21:36,246 - translator_api - INFO - Client disconnected. Total connections: 1
2024-12-15 14:21:36,246 - translator_api - ERROR - Error processing message: 1000
2024-12-15 14:21:36,247 - translator_api - INFO - Client disconnected. Total connections: 0
2024-12-15 14:23:33,460 - translator_api - INFO - New WebSocket connection request received
2024-12-15 14:23:33,461 - translator_api - INFO - WebSocket connection accepted
2024-12-15 14:23:33,461 - translator_api - INFO - Client connected. Total connections: 1
2024-12-15 14:23:33,466 - translator_api - INFO - New WebSocket connection request received
2024-12-15 14:23:33,466 - translator_api - INFO - WebSocket connection accepted
2024-12-15 14:23:33,466 - translator_api - INFO - Client connected. Total connections: 2
2024-12-15 14:23:33,470 - translator_api - INFO - New WebSocket connection request received
2024-12-15 14:23:33,471 - translator_api - INFO - WebSocket connection accepted
2024-12-15 14:23:33,471 - translator_api - INFO - Client connected. Total connections: 3
2024-12-15 14:23:34,406 - translator_api - ERROR - Error processing message: 1000
2024-12-15 14:23:34,406 - translator_api - INFO - Client disconnected. Total connections: 2
2024-12-15 14:23:34,407 - translator_api - ERROR - Error processing message: 1000
2024-12-15 14:23:34,407 - translator_api - INFO - Client disconnected. Total connections: 1
2024-12-15 14:23:34,408 - translator_api - ERROR - Error processing message: 1000
2024-12-15 14:23:34,408 - translator_api - INFO - Client disconnected. Total connections: 0
2024-12-15 14:26:38,217 - translator_api - INFO - New WebSocket connection request received
2024-12-15 14:26:38,218 - translator_api - INFO - WebSocket connection accepted
2024-12-15 14:26:38,218 - translator_api - INFO - Client connected. Total connections: 1
2024-12-15 14:26:38,224 - translator_api - INFO - New WebSocket connection request received
2024-12-15 14:26:38,225 - translator_api - INFO - WebSocket connection accepted
2024-12-15 14:26:38,225 - translator_api - INFO - Client connected. Total connections: 2
2024-12-15 14:26:38,226 - translator_api - INFO - New WebSocket connection request received
2024-12-15 14:26:38,226 - translator_api - INFO - WebSocket connection accepted
2024-12-15 14:26:38,227 - translator_api - INFO - Client connected. Total connections: 3
2024-12-15 14:26:39,167 - translator_api - ERROR - Error processing message: 1000
2024-12-15 14:26:39,167 - translator_api - INFO - Client disconnected. Total connections: 2
2024-12-15 14:26:39,168 - translator_api - ERROR - Error processing message: 1000
2024-12-15 14:26:39,168 - translator_api - INFO - Client disconnected. Total connections: 1
2024-12-15 14:26:39,169 - translator_api - ERROR - Error processing message: 1000
2024-12-15 14:26:39,170 - translator_api - INFO - Client disconnected. Total connections: 0
2024-12-15 14:28:36,756 - translator_api - INFO - New WebSocket connection request received
2024-12-15 14:28:36,756 - translator_api - INFO - WebSocket connection accepted
2024-12-15 14:28:36,757 - translator_api - INFO - Client connected. Total connections: 1
2024-12-15 14:28:36,764 - translator_api - INFO - New WebSocket connection request received
2024-12-15 14:28:36,764 - translator_api - INFO - WebSocket connection accepted
2024-12-15 14:28:36,765 - translator_api - INFO - Client connected. Total connections: 2
2024-12-15 14:28:36,765 - translator_api - INFO - New WebSocket connection request received
2024-12-15 14:28:36,766 - translator_api - INFO - WebSocket connection accepted
2024-12-15 14:28:36,766 - translator_api - INFO - Client connected. Total connections: 3
2024-12-15 14:28:37,703 - translator_api - ERROR - Error processing message: 1000
2024-12-15 14:28:37,703 - translator_api - INFO - Client disconnected. Total connections: 2
2024-12-15 14:28:37,704 - translator_api - ERROR - Error processing message: 1000
2024-12-15 14:28:37,704 - translator_api - INFO - Client disconnected. Total connections: 1
2024-12-15 14:28:37,705 - translator_api - ERROR - Error processing message: 1000
2024-12-15 14:28:37,705 - translator_api - INFO - Client disconnected. Total connections: 0
2024-12-15 14:30:28,226 - translator_api - INFO - New WebSocket connection request received
2024-12-15 14:30:28,227 - translator_api - INFO - WebSocket connection accepted
2024-12-15 14:30:28,227 - translator_api - INFO - Client connected. Total connections: 1
2024-12-15 14:30:28,234 - translator_api - INFO - New WebSocket connection request received
2024-12-15 14:30:28,234 - translator_api - INFO - WebSocket connection accepted
2024-12-15 14:30:28,235 - translator_api - INFO - Client connected. Total connections: 2
2024-12-15 14:30:28,235 - translator_api - INFO - New WebSocket connection request received
2024-12-15 14:30:28,236 - translator_api - INFO - WebSocket connection accepted
2024-12-15 14:30:28,236 - translator_api - INFO - Client connected. Total connections: 3
2024-12-15 14:30:29,175 - translator_api - ERROR - Error processing message: 1000
2024-12-15 14:30:29,175 - translator_api - INFO - Client disconnected. Total connections: 2
2024-12-15 14:30:29,176 - translator_api - ERROR - Error processing message: 1000
2024-12-15 14:30:29,176 - translator_api - INFO - Client disconnected. Total connections: 1
2024-12-15 14:30:29,177 - translator_api - ERROR - Error processing message: 1000
2024-12-15 14:30:29,177 - translator_api - INFO - Client disconnected. Total connections: 0
2024-12-15 14:31:37,404 - translator_api - INFO - New WebSocket connection request received
2024-12-15 14:31:37,405 - translator_api - INFO - WebSocket connection accepted
2024-12-15 14:31:37,405 - translator_api - INFO - Client connected. Total connections: 1
2024-12-15 14:31:37,411 - translator_api - INFO - New WebSocket connection request received
2024-12-15 14:31:37,412 - translator_api - INFO - WebSocket connection accepted
2024-12-15 14:31:37,412 - translator_api - INFO - Client connected. Total connections: 2
2024-12-15 14:31:37,413 - translator_api - INFO - New WebSocket connection request received
2024-12-15 14:31:37,414 - translator_api - INFO - WebSocket connection accepted
2024-12-15 14:31:37,414 - translator_api - INFO - Client connected. Total connections: 3
2024-12-15 14:31:38,354 - translator_api - ERROR - Error processing message: 1000
2024-12-15 14:31:38,354 - translator_api - INFO - Client disconnected. Total connections: 2
2024-12-15 14:31:38,355 - translator_api - ERROR - Error processing message: 1000
2024-12-15 14:31:38,356 - translator_api - INFO - Client disconnected. Total connections: 1
2024-12-15 14:31:38,356 - translator_api - ERROR - Error processing message: 1000
2024-12-15 14:31:38,356 - translator_api - INFO - Client disconnected. Total connections: 0
2024-12-15 14:35:40,981 - translator_api - INFO - New WebSocket connection request received
2024-12-15 14:35:40,982 - translator_api - INFO - WebSocket connection accepted
2024-12-15 14:35:40,983 - translator_api - INFO - Client connected. Total connections: 1
2024-12-15 14:35:40,988 - translator_api - INFO - New WebSocket connection request received
2024-12-15 14:35:40,989 - translator_api - INFO - WebSocket connection accepted
2024-12-15 14:35:40,989 - translator_api - INFO - Client connected. Total connections: 2
2024-12-15 14:35:40,990 - translator_api - INFO - New WebSocket connection request received
2024-12-15 14:35:40,991 - translator_api - INFO - WebSocket connection accepted
2024-12-15 14:35:40,991 - translator_api - INFO - Client connected. Total connections: 3
2024-12-15 14:35:41,931 - translator_api - ERROR - Error processing message: 1000
2024-12-15 14:35:41,932 - translator_api - INFO - Client disconnected. Total connections: 2
2024-12-15 14:35:41,932 - translator_api - ERROR - Error processing message: 1000
2024-12-15 14:35:41,933 - translator_api - INFO - Client disconnected. Total connections: 1
2024-12-15 14:35:41,933 - translator_api - ERROR - Error processing message: 1000
2024-12-15 14:35:41,934 - translator_api - INFO - Client disconnected. Total connections: 0
2024-12-15 14:39:48,726 - translator_api - INFO - New WebSocket connection request received
2024-12-15 14:39:48,726 - translator_api - INFO - WebSocket connection accepted
2024-12-15 14:39:48,727 - translator_api - INFO - Client connected. Total connections: 1
2024-12-15 14:39:48,733 - translator_api - INFO - New WebSocket connection request received
2024-12-15 14:39:48,734 - translator_api - INFO - WebSocket connection accepted
2024-12-15 14:39:48,734 - translator_api - INFO - Client connected. Total connections: 2
2024-12-15 14:39:48,734 - translator_api - INFO - New WebSocket connection request received
2024-12-15 14:39:48,735 - translator_api - INFO - WebSocket connection accepted
2024-12-15 14:39:48,735 - translator_api - INFO - Client connected. Total connections: 3
2024-12-15 14:39:49,672 - translator_api - ERROR - Error processing message: 1000
2024-12-15 14:39:49,673 - translator_api - INFO - Client disconnected. Total connections: 2
2024-12-15 14:39:49,673 - translator_api - ERROR - Error processing message: 1000
2024-12-15 14:39:49,674 - translator_api - INFO - Client disconnected. Total connections: 1
2024-12-15 14:39:49,675 - translator_api - ERROR - Error processing message: 1000
2024-12-15 14:39:49,675 - translator_api - INFO - Client disconnected. Total connections: 0
2024-12-15 14:46:07,726 - translator_api - INFO - New WebSocket connection request received
2024-12-15 14:46:07,727 - translator_api - INFO - WebSocket connection accepted
2024-12-15 14:46:07,727 - translator_api - INFO - Client connected. Total connections: 1
2024-12-15 14:46:07,734 - translator_api - INFO - New WebSocket connection request received
2024-12-15 14:46:07,734 - translator_api - INFO - WebSocket connection accepted
2024-12-15 14:46:07,735 - translator_api - INFO - Client connected. Total connections: 2
2024-12-15 14:46:07,735 - translator_api - INFO - New WebSocket connection request received
2024-12-15 14:46:07,736 - translator_api - INFO - WebSocket connection accepted
2024-12-15 14:46:07,736 - translator_api - INFO - Client connected. Total connections: 3
2024-12-15 14:46:08,674 - translator_api - ERROR - Error processing message: 1000
2024-12-15 14:46:08,675 - translator_api - INFO - Client disconnected. Total connections: 2
2024-12-15 14:46:08,675 - translator_api - ERROR - Error processing message: 1000
2024-12-15 14:46:08,676 - translator_api - INFO - Client disconnected. Total connections: 1
2024-12-15 14:46:08,676 - translator_api - ERROR - Error processing message: 1000
2024-12-15 14:46:08,677 - translator_api - INFO - Client disconnected. Total connections: 0
2024-12-15 14:53:40,565 - translator_api - INFO - New WebSocket connection request received
2024-12-15 14:53:40,566 - translator_api - INFO - WebSocket connection accepted
2024-12-15 14:53:40,566 - translator_api - INFO - Client connected. Total connections: 1
2024-12-15 14:53:40,572 - translator_api - INFO - New WebSocket connection request received
2024-12-15 14:53:40,573 - translator_api - INFO - WebSocket connection accepted
2024-12-15 14:53:40,573 - translator_api - INFO - Client connected. Total connections: 2
2024-12-15 14:53:40,573 - translator_api - INFO - New WebSocket connection request received
2024-12-15 14:53:40,574 - translator_api - INFO - WebSocket connection accepted
2024-12-15 14:53:40,575 - translator_api - INFO - Client connected. Total connections: 3
2024-12-15 14:53:41,513 - translator_api - ERROR - Error processing message: 1000
2024-12-15 14:53:41,513 - translator_api - INFO - Client disconnected. Total connections: 2
2024-12-15 14:53:41,515 - translator_api - ERROR - Error processing message: 1000
2024-12-15 14:53:41,515 - translator_api - INFO - Client disconnected. Total connections: 1
2024-12-15 14:53:41,516 - translator_api - ERROR - Error processing message: 1000
2024-12-15 14:53:41,516 - translator_api - INFO - Client disconnected. Total connections: 0
2024-12-15 14:59:07,067 - translator_api - INFO - New WebSocket connection request received
2024-12-15 14:59:07,068 - translator_api - INFO - WebSocket connection accepted
2024-12-15 14:59:07,068 - translator_api - INFO - Client connected. Total connections: 1
2024-12-15 14:59:07,077 - translator_api - INFO - New WebSocket connection request received
2024-12-15 14:59:07,078 - translator_api - INFO - WebSocket connection accepted
2024-12-15 14:59:07,078 - translator_api - INFO - Client connected. Total connections: 2
2024-12-15 14:59:07,079 - translator_api - INFO - New WebSocket connection request received
2024-12-15 14:59:07,080 - translator_api - INFO - WebSocket connection accepted
2024-12-15 14:59:07,080 - translator_api - INFO - Client connected. Total connections: 3
2024-12-15 14:59:08,016 - translator_api - ERROR - Error processing message: 1000
2024-12-15 14:59:08,016 - translator_api - INFO - Client disconnected. Total connections: 2
2024-12-15 14:59:08,017 - translator_api - ERROR - Error processing message: 1000
2024-12-15 14:59:08,018 - translator_api - INFO - Client disconnected. Total connections: 1
2024-12-15 14:59:08,018 - translator_api - ERROR - Error processing message: 1000
2024-12-15 14:59:08,019 - translator_api - INFO - Client disconnected. Total connections: 0
2024-12-15 15:05:15,950 - translator_api - INFO - New WebSocket connection request received
2024-12-15 15:05:15,950 - translator_api - INFO - WebSocket connection accepted
2024-12-15 15:05:15,951 - translator_api - INFO - Client connected. Total connections: 1
2024-12-15 15:05:15,957 - translator_api - INFO - New WebSocket connection request received
2024-12-15 15:05:15,957 - translator_api - INFO - WebSocket connection accepted
2024-12-15 15:05:15,958 - translator_api - INFO - Client connected. Total connections: 2
2024-12-15 15:05:15,958 - translator_api - INFO - New WebSocket connection request received
2024-12-15 15:05:15,959 - translator_api - INFO - WebSocket connection accepted
2024-12-15 15:05:15,960 - translator_api - INFO - Client connected. Total connections: 3
2024-12-15 15:05:16,897 - translator_api - ERROR - Error processing message: 1000
2024-12-15 15:05:16,897 - translator_api - INFO - Client disconnected. Total connections: 2
2024-12-15 15:05:16,899 - translator_api - ERROR - Error processing message: 1000
2024-12-15 15:05:16,899 - translator_api - INFO - Client disconnected. Total connections: 1
2024-12-15 15:05:16,900 - translator_api - ERROR - Error processing message: 1000
2024-12-15 15:05:16,901 - translator_api - INFO - Client disconnected. Total connections: 0
